INFO:     Will watch for changes in these directories: ['/Users/julienmarchal/workdir/royalties']
INFO:     Uvicorn running on http://127.0.0.1:8000 (Press CTRL+C to quit)
INFO:     Started reloader process [61432] using WatchFiles
INFO:     Started server process [61438]
INFO:     Waiting for application startup.
INFO:     Application startup complete.
INFO:     127.0.0.1:53313 - "GET /docs HTTP/1.1" 200 OK
INFO:     127.0.0.1:53331 - "GET /artist-portal/notifications HTTP/1.1" 200 OK
INFO:     127.0.0.1:53908 - "GET / HTTP/1.1" 404 Not Found
INFO:     127.0.0.1:53908 - "GET /favicon.ico HTTP/1.1" 404 Not Found
INFO:     127.0.0.1:55378 - "GET / HTTP/1.1" 404 Not Found
WARNING:  WatchFiles detected changes in 'app/models/ticket.py'. Reloading...
INFO:     Shutting down
INFO:     Waiting for application shutdown.
INFO:     Application shutdown complete.
INFO:     Finished server process [61438]
INFO:     Started server process [81162]
INFO:     Waiting for application startup.
INFO:     Application startup complete.
WARNING:  WatchFiles detected changes in 'app/models/ticket_message.py'. Reloading...
INFO:     Shutting down
INFO:     Waiting for application shutdown.
INFO:     Application shutdown complete.
INFO:     Finished server process [81162]
INFO:     Started server process [81180]
INFO:     Waiting for application startup.
INFO:     Application startup complete.
WARNING:  WatchFiles detected changes in 'app/models/ticket_participant.py'. Reloading...
INFO:     Shutting down
INFO:     Waiting for application shutdown.
INFO:     Application shutdown complete.
INFO:     Finished server process [81180]
INFO:     Started server process [81195]
INFO:     Waiting for application startup.
INFO:     Application startup complete.
WARNING:  WatchFiles detected changes in 'app/models/notification.py'. Reloading...
INFO:     Shutting down
INFO:     Waiting for application shutdown.
INFO:     Application shutdown complete.
INFO:     Finished server process [81195]
INFO:     Started server process [81202]
INFO:     Waiting for application startup.
INFO:     Application startup complete.
WARNING:  WatchFiles detected changes in 'app/models/artist.py'. Reloading...
INFO:     Shutting down
INFO:     Waiting for application shutdown.
INFO:     Application shutdown complete.
INFO:     Finished server process [81202]
WARNING:  WatchFiles detected changes in 'app/models/artist.py'. Reloading...
INFO:     Started server process [81215]
INFO:     Waiting for application startup.
INFO:     Application startup complete.
INFO:     Started server process [81231]
INFO:     Waiting for application startup.
INFO:     Application startup complete.
WARNING:  WatchFiles detected changes in 'app/models/__init__.py'. Reloading...
INFO:     Shutting down
INFO:     Waiting for application shutdown.
INFO:     Application shutdown complete.
INFO:     Finished server process [81231]
WARNING:  WatchFiles detected changes in 'app/models/__init__.py'. Reloading...
INFO:     Started server process [81241]
INFO:     Waiting for application startup.
INFO:     Application startup complete.
INFO:     Started server process [81250]
INFO:     Waiting for application startup.
INFO:     Application startup complete.
WARNING:  WatchFiles detected changes in 'alembic/versions/20260126_000001_add_ticket_system.py'. Reloading...
INFO:     Shutting down
INFO:     Waiting for application shutdown.
INFO:     Application shutdown complete.
INFO:     Finished server process [81250]
INFO:     Started server process [81265]
INFO:     Waiting for application startup.
INFO:     Application startup complete.
WARNING:  WatchFiles detected changes in 'alembic/versions/20260126_000001_add_ticket_system.py'. Reloading...
INFO:     Shutting down
INFO:     Waiting for application shutdown.
INFO:     Application shutdown complete.
INFO:     Finished server process [81265]
INFO:     Started server process [81363]
INFO:     Waiting for application startup.
INFO:     Application startup complete.
WARNING:  WatchFiles detected changes in 'app/routers/artist_portal.py'. Reloading...
INFO:     Shutting down
INFO:     Waiting for application shutdown.
INFO:     Application shutdown complete.
INFO:     Finished server process [81363]
INFO:     Started server process [81695]
INFO:     Waiting for application startup.
INFO:     Application startup complete.
WARNING:  WatchFiles detected changes in 'app/routers/artist_portal.py'. Reloading...
INFO:     Shutting down
INFO:     Waiting for application shutdown.
INFO:     Application shutdown complete.
INFO:     Finished server process [81695]
INFO:     Started server process [81733]
INFO:     Waiting for application startup.
INFO:     Application startup complete.
WARNING:  WatchFiles detected changes in 'app/services/email_service.py'. Reloading...
INFO:     Shutting down
INFO:     Waiting for application shutdown.
INFO:     Application shutdown complete.
INFO:     Finished server process [81733]
INFO:     Started server process [81774]
INFO:     Waiting for application startup.
INFO:     Application startup complete.
WARNING:  WatchFiles detected changes in 'app/routers/tickets.py'. Reloading...
INFO:     Shutting down
INFO:     Waiting for application shutdown.
INFO:     Application shutdown complete.
INFO:     Finished server process [81774]
INFO:     Started server process [81893]
INFO:     Waiting for application startup.
INFO:     Application startup complete.
WARNING:  WatchFiles detected changes in 'app/main.py'. Reloading...
INFO:     Shutting down
INFO:     Waiting for application shutdown.
INFO:     Application shutdown complete.
INFO:     Finished server process [81893]
INFO:     Started server process [81936]
INFO:     Waiting for application startup.
WARNING:  WatchFiles detected changes in 'app/main.py'. Reloading...
INFO:     Application startup complete.
INFO:     Started server process [81940]
INFO:     Waiting for application startup.
INFO:     Application startup complete.
